New log file opened at Fri Sep 15 11:33:27 EET 2017 by 22513@francium-GL62-6QD
Taking next connection to: 41876
New client attempting to connect on port: 49094-41876
  Address = /127.0.1.1:41876
This client on port 49094 has uuid f94ba549-36d3-4cb7-b5b3-29fc3c2afa29 configName activator humanReadableName Activator protocolVersion 3 featureTags Vector()
Connected Clients: activator-f94ba549-36d3-4cb7-b5b3-29fc3c2afa29
Taking next connection to: 41876
New client attempting to connect on port: 49098-41876
  Address = /127.0.1.1:41876
Handshake exception on socket: 49098
sbt.impl.ipc.HandshakeException: Unable to perform handshake
	at sbt.impl.ipc.Peer.handshake(IPC.scala:46)
	at sbt.impl.ipc.MultiClientServer.<init>(IPC.scala:150)
	at sbt.server.SbtServerSocketHandler$$anon$1.run(SbtServerSocketHandler.scala:43)
Caused by: java.io.EOFException
	at java.io.DataInputStream.readInt(DataInputStream.java:392)
	at sbt.impl.ipc.Peer.receive(IPC.scala:95)
	at sbt.impl.ipc.Peer.handshake(IPC.scala:49)
	... 2 more
Taking next connection to: 41876
New client attempting to connect on port: 49100-41876
  Address = /127.0.1.1:41876
This client on port 49100 has uuid cbd2cd30-866d-4586-94bf-74e8517fcc47 configName play-fork-run humanReadableName Play Fork Run protocolVersion 1 featureTags Vector()
Connected Clients: activator-f94ba549-36d3-4cb7-b5b3-29fc3c2afa29, play-fork-run-cbd2cd30-866d-4586-94bf-74e8517fcc47
Taking next connection to: 41876
